2025-03-14 14:42:49,267 INFO: Starting classification process.
2025-03-14 14:42:49,268 INFO: Loaded 16 articles from articles.json.
2025-03-14 14:42:49,268 INFO: Loading Hugging Face zero-shot classification pipeline.
2025-03-14 14:43:24,795 INFO: Starting classification process.
2025-03-14 14:43:24,795 INFO: Loaded 16 articles from articles.json.
2025-03-14 14:43:24,795 INFO: Loading Hugging Face zero-shot classification pipeline.
2025-03-14 14:43:26,985 INFO: Classifying article: https://www.bostonglobe.com/2025/03/06/business/everett-boston-pumphouse-mystic-river-ferry-terminal/
2025-03-14 14:43:38,013 INFO: Assigned classifications: {'Investment': 0.946235179901123, 'Finance': 0.9362003207206726, 'Technology': 0.9171027541160583, 'Legal': 0.9073050618171692, 'Residential': 0.879649817943573, 'Market Trends': 0.8597795963287354, 'Commercial': 0.8182318210601807}
2025-03-14 14:43:38,013 INFO: Classifying article: https://www.bostonglobe.com/2025/03/10/business/mattapan-apartment-complex-affordable/
2025-03-14 14:43:40,616 INFO: Assigned classifications: {'Investment': 0.956326961517334, 'Residential': 0.9516160488128662, 'Legal': 0.9476656913757324, 'Finance': 0.945584774017334, 'Market Trends': 0.861187219619751, 'Commercial': 0.8584157228469849, 'Technology': 0.8420778512954712}
2025-03-14 14:43:40,616 INFO: Classifying article: https://www.bostonglobe.com/2025/03/04/business/morrissey-boulevard-high-rise-towers/
2025-03-14 14:43:42,535 INFO: Assigned classifications: {'Investment': 0.6727372407913208, 'Residential': 0.6443426012992859, 'Finance': 0.37793710827827454, 'Technology': 0.3230770528316498, 'Commercial': 0.20908617973327637, 'Legal': 0.14242196083068848, 'Market Trends': 0.06414279341697693}
2025-03-14 14:43:42,535 INFO: Classifying article: https://www.bostonglobe.com/2025/03/05/business/tariffs-housing-costs-lumber-construction/
2025-03-14 14:43:44,884 INFO: Assigned classifications: {'Finance': 0.7996171116828918, 'Residential': 0.7980597615242004, 'Market Trends': 0.770596444606781, 'Investment': 0.7612610459327698, 'Legal': 0.7088509798049927, 'Technology': 0.5013473033905029, 'Commercial': 0.26924869418144226}
2025-03-14 14:43:44,884 INFO: Classifying article: https://www.bostonglobe.com/2025/03/14/business/beacon-hill-parking-spot-750000-boston/
2025-03-14 14:43:46,785 INFO: Assigned classifications: {'Finance': 0.7242631912231445, 'Market Trends': 0.6173892021179199, 'Residential': 0.5871550440788269, 'Legal': 0.5113472938537598, 'Technology': 0.4301435351371765, 'Investment': 0.39856910705566406, 'Commercial': 0.21366581320762634}
2025-03-14 14:43:46,785 INFO: Classifying article: https://www.bostonglobe.com/2025/03/13/business/south-boston-public-housing-mccormack-redevelopment/
2025-03-14 14:43:48,798 INFO: Assigned classifications: {'Investment': 0.4657112956047058, 'Residential': 0.4377070665359497, 'Finance': 0.4340050518512726, 'Legal': 0.24938003718852997, 'Technology': 0.22700613737106323, 'Market Trends': 0.18430127203464508, 'Commercial': 0.08411599695682526}
2025-03-14 14:43:48,798 INFO: Classifying article: https://www.bostonglobe.com/2025/03/03/business/josh-kraft-michelle-wu-rent-control/
2025-03-14 14:43:51,172 INFO: Assigned classifications: {'Residential': 0.8935583829879761, 'Investment': 0.8530166745185852, 'Market Trends': 0.8334529995918274, 'Finance': 0.8332634568214417, 'Legal': 0.8238217234611511, 'Commercial': 0.7313226461410522, 'Technology': 0.4500032365322113}
2025-03-14 14:43:51,173 INFO: Classifying article: https://www.bostonglobe.com/2025/02/28/business/middleborough-lawsuit-state-housing-law/
2025-03-14 14:43:53,523 INFO: Assigned classifications: {'Investment': 0.9363169074058533, 'Market Trends': 0.9333120584487915, 'Residential': 0.9277815818786621, 'Finance': 0.9268461465835571, 'Legal': 0.9196165800094604, 'Commercial': 0.7789033651351929, 'Technology': 0.7615123391151428}
2025-03-14 14:43:53,523 INFO: Classifying article: https://www.bostonglobe.com/2025/03/12/business/formerly-homeless-find-new-home-jamaica-plain/
2025-03-14 14:43:55,889 INFO: Assigned classifications: {'Finance': 0.9190670847892761, 'Investment': 0.9119874835014343, 'Legal': 0.8881014585494995, 'Residential': 0.8873389959335327, 'Technology': 0.7583935260772705, 'Commercial': 0.629549503326416, 'Market Trends': 0.603705883026123}
2025-03-14 14:43:55,890 INFO: Classifying article: https://www.bostonglobe.com/2025/03/06/business/federal-buildings-trump-administration-non-core-sale-list/
2025-03-14 14:43:57,173 INFO: Assigned classifications: {'Commercial': 0.7060147523880005, 'Market Trends': 0.6709877848625183, 'Residential': 0.6663854122161865, 'Finance': 0.6662933826446533, 'Technology': 0.6533232927322388, 'Investment': 0.6458457708358765, 'Legal': 0.6260886192321777}
2025-03-14 14:43:57,173 INFO: Classifying article: https://www.bostonglobe.com/2025/03/04/business/massachusetts-development-woburn-regional-transportation/
2025-03-14 14:43:58,906 INFO: Assigned classifications: {'Residential': 0.7609113454818726, 'Legal': 0.5033666491508484, 'Investment': 0.464193195104599, 'Technology': 0.34925174713134766, 'Market Trends': 0.33920758962631226, 'Finance': 0.3343955874443054, 'Commercial': 0.21191024780273438}
2025-03-14 14:43:58,906 INFO: Classifying article: https://www.bostonglobe.com/2025/03/14/business/boston-office-tower-sale-federal-street/
2025-03-14 14:44:01,117 INFO: Assigned classifications: {'Investment': 0.978013277053833, 'Market Trends': 0.7443405985832214, 'Finance': 0.742380678653717, 'Legal': 0.6432426571846008, 'Commercial': 0.6289664506912231, 'Residential': 0.6004440188407898, 'Technology': 0.5100821256637573}
2025-03-14 14:44:01,118 INFO: Classifying article: https://www.bostonglobe.com/2025/02/28/business/michelle-wu-white-stadium-revolution/
2025-03-14 14:44:03,483 INFO: Assigned classifications: {'Market Trends': 0.8760348558425903, 'Residential': 0.8063960671424866, 'Legal': 0.7155704498291016, 'Finance': 0.6959999799728394, 'Investment': 0.6574997901916504, 'Commercial': 0.5587148070335388, 'Technology': 0.46197178959846497}
2025-03-14 14:44:03,484 INFO: Classifying article: https://www.bostonglobe.com/2025/03/09/business/women-in-construction-week-boston/
2025-03-14 14:44:05,571 INFO: Assigned classifications: {'Technology': 0.9244965314865112, 'Residential': 0.8042526841163635, 'Investment': 0.7852944135665894, 'Legal': 0.6723366975784302, 'Market Trends': 0.6010388135910034, 'Commercial': 0.5248132944107056, 'Finance': 0.44174784421920776}
2025-03-14 14:44:05,571 INFO: Classifying article: https://www.bostonglobe.com/2025/03/11/business/boston-office-tower-auction/
2025-03-14 14:44:07,955 INFO: Assigned classifications: {'Residential': 0.6206478476524353, 'Market Trends': 0.5566438436508179, 'Commercial': 0.4825442135334015, 'Investment': 0.45649316906929016, 'Finance': 0.44491827487945557, 'Legal': 0.34038206934928894, 'Technology': 0.2670685052871704}
2025-03-14 14:44:07,955 INFO: Classifying article: https://www.bostonglobe.com/2025/03/10/lifestyle/boston-luxury-towers-amenities-dog-spas-golf-simulator-indoor-pool/
2025-03-14 14:44:10,322 INFO: Assigned classifications: {'Investment': 0.5262168049812317, 'Residential': 0.5017406344413757, 'Legal': 0.38901829719543457, 'Finance': 0.3616722822189331, 'Market Trends': 0.2894531190395355, 'Technology': 0.21384915709495544, 'Commercial': 0.20906072854995728}
2025-03-14 14:44:10,323 INFO: Classified 16 new articles.
2025-03-14 14:44:10,325 INFO: Saved updated articles to articles.json.
2025-03-14 14:44:10,325 INFO: Classification process completed.
2025-03-14 14:49:43,918 INFO: Starting classification process.
2025-03-14 14:49:43,919 INFO: Loaded 16 articles from articles.json.
2025-03-14 14:49:43,919 INFO: Loading Hugging Face zero-shot classification pipeline.
2025-03-14 14:49:46,121 INFO: Classifying article: https://www.bostonglobe.com/2025/03/03/business/josh-kraft-michelle-wu-rent-control/
2025-03-14 14:49:49,429 INFO: Assigned classifications: {'Residential Real Estate': 0.8652111291885376, 'Real Estate Market Trends': 0.7922114133834839, 'Real Estate Investment': 0.7796926498413086, 'Real Estate Legal': 0.7412787675857544, 'Commercial Real Estate': 0.7129697203636169, 'Real Estate Finance': 0.7115518450737, 'Real Estate Technology': 0.5156193971633911}
2025-03-14 14:49:49,429 INFO: Classifying article: https://www.bostonglobe.com/2025/03/06/business/everett-boston-pumphouse-mystic-river-ferry-terminal/
2025-03-14 14:49:52,108 INFO: Assigned classifications: {'Real Estate Investment': 0.934687077999115, 'Real Estate Finance': 0.9339209198951721, 'Real Estate Technology': 0.9303216934204102, 'Real Estate Legal': 0.9214636087417603, 'Residential Real Estate': 0.8808124661445618, 'Real Estate Market Trends': 0.8738240003585815, 'Commercial Real Estate': 0.814800500869751}
2025-03-14 14:49:52,108 INFO: Classifying article: https://www.bostonglobe.com/2025/03/09/business/women-in-construction-week-boston/
2025-03-14 14:49:54,060 INFO: Assigned classifications: {'Residential Real Estate': 0.8096430897712708, 'Real Estate Market Trends': 0.7141789793968201, 'Commercial Real Estate': 0.688387930393219, 'Real Estate Technology': 0.6715966463088989, 'Real Estate Investment': 0.5583686828613281, 'Real Estate Legal': 0.46124616265296936, 'Real Estate Finance': 0.4300152063369751}
2025-03-14 14:49:54,060 INFO: Classifying article: https://www.bostonglobe.com/2025/03/10/business/mattapan-apartment-complex-affordable/
2025-03-14 14:49:56,372 INFO: Assigned classifications: {'Real Estate Investment': 0.9610015153884888, 'Residential Real Estate': 0.9544281959533691, 'Real Estate Legal': 0.9502890110015869, 'Real Estate Finance': 0.9468461871147156, 'Real Estate Market Trends': 0.8941465020179749, 'Real Estate Technology': 0.8819913268089294, 'Commercial Real Estate': 0.8423447012901306}
2025-03-14 14:49:56,373 INFO: Classifying article: https://www.bostonglobe.com/2025/03/04/business/morrissey-boulevard-high-rise-towers/
2025-03-14 14:49:58,066 INFO: Assigned classifications: {'Residential Real Estate': 0.6754511594772339, 'Commercial Real Estate': 0.4387836456298828, 'Real Estate Legal': 0.2985571622848511, 'Real Estate Market Trends': 0.2676246166229248, 'Real Estate Investment': 0.2383985072374344, 'Real Estate Technology': 0.16341179609298706, 'Real Estate Finance': 0.12828698754310608}
2025-03-14 14:49:58,067 INFO: Classifying article: https://www.bostonglobe.com/2025/03/04/business/massachusetts-development-woburn-regional-transportation/
2025-03-14 14:49:59,563 INFO: Assigned classifications: {'Residential Real Estate': 0.6927686333656311, 'Real Estate Legal': 0.5033596754074097, 'Real Estate Investment': 0.4794808328151703, 'Commercial Real Estate': 0.33031848073005676, 'Real Estate Market Trends': 0.3027951717376709, 'Real Estate Technology': 0.1974191665649414, 'Real Estate Finance': 0.17409490048885345}
2025-03-14 14:49:59,563 INFO: Classifying article: https://www.bostonglobe.com/2025/02/28/business/michelle-wu-white-stadium-revolution/
2025-03-14 14:50:01,873 INFO: Assigned classifications: {'Real Estate Market Trends': 0.9022800922393799, 'Real Estate Investment': 0.8695345520973206, 'Real Estate Legal': 0.8663292527198792, 'Real Estate Finance': 0.8649378418922424, 'Residential Real Estate': 0.8573756814002991, 'Commercial Real Estate': 0.768989086151123, 'Real Estate Technology': 0.7155845761299133}
2025-03-14 14:50:01,874 INFO: Classifying article: https://www.bostonglobe.com/2025/03/06/business/federal-buildings-trump-administration-non-core-sale-list/
2025-03-14 14:50:03,161 INFO: Assigned classifications: {'Residential Real Estate': 0.7146681547164917, 'Real Estate Legal': 0.7014733552932739, 'Real Estate Investment': 0.673194169998169, 'Commercial Real Estate': 0.6654168963432312, 'Real Estate Technology': 0.6633228659629822, 'Real Estate Market Trends': 0.6046485900878906, 'Real Estate Finance': 0.590332567691803}
2025-03-14 14:50:03,161 INFO: Classifying article: https://www.bostonglobe.com/2025/03/12/business/formerly-homeless-find-new-home-jamaica-plain/
2025-03-14 14:50:05,479 INFO: Assigned classifications: {'Real Estate Finance': 0.925166130065918, 'Real Estate Investment': 0.9237673878669739, 'Real Estate Legal': 0.898941159248352, 'Residential Real Estate': 0.8726525902748108, 'Real Estate Technology': 0.8024203777313232, 'Real Estate Market Trends': 0.6726433038711548, 'Commercial Real Estate': 0.564576268196106}
2025-03-14 14:50:05,479 INFO: Classifying article: https://www.bostonglobe.com/2025/02/28/business/middleborough-lawsuit-state-housing-law/
2025-03-14 14:50:07,785 INFO: Assigned classifications: {'Real Estate Market Trends': 0.9528656005859375, 'Real Estate Investment': 0.9327605962753296, 'Real Estate Legal': 0.9303863048553467, 'Real Estate Finance': 0.9073853492736816, 'Residential Real Estate': 0.8983381986618042, 'Commercial Real Estate': 0.8246079087257385, 'Real Estate Technology': 0.7992646098136902}
2025-03-14 14:50:07,786 INFO: Classifying article: https://www.bostonglobe.com/2025/03/10/lifestyle/boston-luxury-towers-amenities-dog-spas-golf-simulator-indoor-pool/
2025-03-14 14:50:10,116 INFO: Assigned classifications: {'Real Estate Investment': 0.7505901455879211, 'Residential Real Estate': 0.61376953125, 'Real Estate Finance': 0.5970485210418701, 'Real Estate Legal': 0.5913238525390625, 'Real Estate Market Trends': 0.4101226329803467, 'Real Estate Technology': 0.3987177014350891, 'Commercial Real Estate': 0.23132751882076263}
2025-03-14 14:50:10,116 INFO: Classifying article: https://www.bostonglobe.com/2025/03/14/business/beacon-hill-parking-spot-750000-boston/
2025-03-14 14:50:11,990 INFO: Assigned classifications: {'Residential Real Estate': 0.8953617811203003, 'Real Estate Market Trends': 0.678309977054596, 'Real Estate Investment': 0.6671785712242126, 'Real Estate Legal': 0.5571603178977966, 'Real Estate Finance': 0.3923489451408386, 'Real Estate Technology': 0.3912678360939026, 'Commercial Real Estate': 0.2533690631389618}
2025-03-14 14:50:11,990 INFO: Classifying article: https://www.bostonglobe.com/2025/03/13/business/south-boston-public-housing-mccormack-redevelopment/
2025-03-14 14:50:13,773 INFO: Assigned classifications: {'Residential Real Estate': 0.4817359745502472, 'Real Estate Investment': 0.30907073616981506, 'Commercial Real Estate': 0.1871749609708786, 'Real Estate Market Trends': 0.1859298050403595, 'Real Estate Technology': 0.18022096157073975, 'Real Estate Finance': 0.16105984151363373, 'Real Estate Legal': 0.1322067677974701}
2025-03-14 14:50:13,773 INFO: Classifying article: https://www.bostonglobe.com/2025/03/05/business/tariffs-housing-costs-lumber-construction/
2025-03-14 14:50:16,095 INFO: Assigned classifications: {'Residential Real Estate': 0.8341859579086304, 'Real Estate Investment': 0.832496702671051, 'Real Estate Finance': 0.826924741268158, 'Real Estate Market Trends': 0.7984685897827148, 'Real Estate Legal': 0.779863715171814, 'Real Estate Technology': 0.5968027710914612, 'Commercial Real Estate': 0.34179019927978516}
2025-03-14 14:50:16,096 INFO: Classifying article: https://www.bostonglobe.com/2025/03/11/business/boston-office-tower-auction/
2025-03-14 14:50:18,437 INFO: Assigned classifications: {'Real Estate Market Trends': 0.7424681782722473, 'Real Estate Investment': 0.7143848538398743, 'Residential Real Estate': 0.6771637201309204, 'Real Estate Finance': 0.6669892072677612, 'Commercial Real Estate': 0.6440562605857849, 'Real Estate Legal': 0.6047871708869934, 'Real Estate Technology': 0.5216553807258606}
2025-03-14 14:50:18,438 INFO: Classifying article: https://www.bostonglobe.com/2025/03/14/business/boston-office-tower-sale-federal-street/
2025-03-14 14:50:20,691 INFO: Assigned classifications: {'Real Estate Market Trends': 0.9466114640235901, 'Real Estate Investment': 0.9290624856948853, 'Commercial Real Estate': 0.8684377670288086, 'Residential Real Estate': 0.8201419115066528, 'Real Estate Finance': 0.6181514859199524, 'Real Estate Technology': 0.4874180853366852, 'Real Estate Legal': 0.43727031350135803}
2025-03-14 14:50:20,692 INFO: Classified 16 new articles.
2025-03-14 14:50:20,693 INFO: Saved updated articles to articles.json.
2025-03-14 14:50:20,694 INFO: Classification process completed.
2025-03-14 14:53:38,292 INFO: Starting classification process.
2025-03-14 14:53:38,293 INFO: Loaded 16 articles from articles.json.
2025-03-14 14:53:38,293 INFO: Loading Hugging Face zero-shot classification pipeline.
2025-03-14 14:53:40,565 INFO: Article already classified: https://www.bostonglobe.com/2025/03/03/business/josh-kraft-michelle-wu-rent-control/
2025-03-14 14:53:40,565 INFO: Article already classified: https://www.bostonglobe.com/2025/03/06/business/everett-boston-pumphouse-mystic-river-ferry-terminal/
2025-03-14 14:53:40,565 INFO: Article already classified: https://www.bostonglobe.com/2025/03/09/business/women-in-construction-week-boston/
2025-03-14 14:53:40,566 INFO: Article already classified: https://www.bostonglobe.com/2025/03/10/business/mattapan-apartment-complex-affordable/
2025-03-14 14:53:40,566 INFO: Article already classified: https://www.bostonglobe.com/2025/03/04/business/morrissey-boulevard-high-rise-towers/
2025-03-14 14:53:40,566 INFO: Article already classified: https://www.bostonglobe.com/2025/03/04/business/massachusetts-development-woburn-regional-transportation/
2025-03-14 14:53:40,566 INFO: Article already classified: https://www.bostonglobe.com/2025/02/28/business/michelle-wu-white-stadium-revolution/
2025-03-14 14:53:40,566 INFO: Article already classified: https://www.bostonglobe.com/2025/03/06/business/federal-buildings-trump-administration-non-core-sale-list/
2025-03-14 14:53:40,566 INFO: Article already classified: https://www.bostonglobe.com/2025/03/12/business/formerly-homeless-find-new-home-jamaica-plain/
2025-03-14 14:53:40,566 INFO: Article already classified: https://www.bostonglobe.com/2025/02/28/business/middleborough-lawsuit-state-housing-law/
2025-03-14 14:53:40,566 INFO: Article already classified: https://www.bostonglobe.com/2025/03/10/lifestyle/boston-luxury-towers-amenities-dog-spas-golf-simulator-indoor-pool/
2025-03-14 14:53:40,566 INFO: Article already classified: https://www.bostonglobe.com/2025/03/14/business/beacon-hill-parking-spot-750000-boston/
2025-03-14 14:53:40,566 INFO: Article already classified: https://www.bostonglobe.com/2025/03/13/business/south-boston-public-housing-mccormack-redevelopment/
2025-03-14 14:53:40,566 INFO: Article already classified: https://www.bostonglobe.com/2025/03/05/business/tariffs-housing-costs-lumber-construction/
2025-03-14 14:53:40,566 INFO: Article already classified: https://www.bostonglobe.com/2025/03/11/business/boston-office-tower-auction/
2025-03-14 14:53:40,566 INFO: Article already classified: https://www.bostonglobe.com/2025/03/14/business/boston-office-tower-sale-federal-street/
2025-03-14 14:53:40,566 INFO: Classified 0 new articles.
2025-03-14 14:53:40,567 INFO: Saved updated articles to articles.json.
2025-03-14 14:53:40,567 INFO: Classification process completed.
2025-03-14 15:02:23,454 INFO: Starting classification process.
2025-03-14 15:02:23,454 INFO: Loaded 16 articles from articles.json.
2025-03-14 15:02:23,454 INFO: Loading Hugging Face zero-shot classification pipeline.
2025-03-14 15:02:25,735 INFO: Classifying article: https://www.bostonglobe.com/2025/03/10/business/mattapan-apartment-complex-affordable/
2025-03-14 15:02:29,468 INFO: Assigned classifications: {'Real Estate Investment': 0.9610015153884888, 'Residential Real Estate': 0.9544281959533691, 'Real Estate Legal': 0.9502890110015869, 'Real Estate Finance': 0.9468461871147156, 'Real Estate Market Trends': 0.8941465020179749, 'Real Estate Technology': 0.8819913268089294, 'Commercial Real Estate': 0.8423447012901306}
2025-03-14 15:02:29,469 INFO: Classifying article: https://www.bostonglobe.com/2025/03/06/business/everett-boston-pumphouse-mystic-river-ferry-terminal/
2025-03-14 15:02:32,133 INFO: Assigned classifications: {'Real Estate Investment': 0.934687077999115, 'Real Estate Finance': 0.9339209198951721, 'Real Estate Technology': 0.9303216934204102, 'Real Estate Legal': 0.9214636087417603, 'Residential Real Estate': 0.8808124661445618, 'Real Estate Market Trends': 0.8738240003585815, 'Commercial Real Estate': 0.814800500869751}
2025-03-14 15:02:32,133 INFO: Classifying article: https://www.bostonglobe.com/2025/03/14/business/beacon-hill-parking-spot-750000-boston/
2025-03-14 15:02:33,996 INFO: Assigned classifications: {'Residential Real Estate': 0.8953617811203003, 'Real Estate Market Trends': 0.678309977054596, 'Real Estate Investment': 0.6671785712242126, 'Real Estate Legal': 0.5571603178977966, 'Real Estate Finance': 0.3923489451408386, 'Real Estate Technology': 0.3912678360939026, 'Commercial Real Estate': 0.2533690631389618}
2025-03-14 15:02:33,997 INFO: Classifying article: https://www.bostonglobe.com/2025/03/06/business/federal-buildings-trump-administration-non-core-sale-list/
2025-03-14 15:02:35,302 INFO: Assigned classifications: {'Residential Real Estate': 0.7146681547164917, 'Real Estate Legal': 0.7014733552932739, 'Real Estate Investment': 0.673194169998169, 'Commercial Real Estate': 0.6654168963432312, 'Real Estate Technology': 0.6633228659629822, 'Real Estate Market Trends': 0.6046485900878906, 'Real Estate Finance': 0.590332567691803}
2025-03-14 15:02:35,303 INFO: Classifying article: https://www.bostonglobe.com/2025/03/10/lifestyle/boston-luxury-towers-amenities-dog-spas-golf-simulator-indoor-pool/
2025-03-14 15:02:37,647 INFO: Assigned classifications: {'Real Estate Investment': 0.7505901455879211, 'Residential Real Estate': 0.61376953125, 'Real Estate Finance': 0.5970485210418701, 'Real Estate Legal': 0.5913238525390625, 'Real Estate Market Trends': 0.4101226329803467, 'Real Estate Technology': 0.3987177014350891, 'Commercial Real Estate': 0.23132751882076263}
2025-03-14 15:02:37,647 INFO: Classifying article: https://www.bostonglobe.com/2025/03/04/business/massachusetts-development-woburn-regional-transportation/
2025-03-14 15:02:39,465 INFO: Assigned classifications: {'Residential Real Estate': 0.6927686333656311, 'Real Estate Legal': 0.5033596754074097, 'Real Estate Investment': 0.4794808328151703, 'Commercial Real Estate': 0.33031848073005676, 'Real Estate Market Trends': 0.3027951717376709, 'Real Estate Technology': 0.1974191665649414, 'Real Estate Finance': 0.17409490048885345}
2025-03-14 15:02:39,465 INFO: Classifying article: https://www.bostonglobe.com/2025/02/28/business/michelle-wu-white-stadium-revolution/
2025-03-14 15:02:41,782 INFO: Assigned classifications: {'Real Estate Market Trends': 0.9022800922393799, 'Real Estate Investment': 0.8695345520973206, 'Real Estate Legal': 0.8663292527198792, 'Real Estate Finance': 0.8649378418922424, 'Residential Real Estate': 0.8573756814002991, 'Commercial Real Estate': 0.768989086151123, 'Real Estate Technology': 0.7155845761299133}
2025-03-14 15:02:41,783 INFO: Classifying article: https://www.bostonglobe.com/2025/03/12/business/formerly-homeless-find-new-home-jamaica-plain/
2025-03-14 15:02:44,117 INFO: Assigned classifications: {'Real Estate Finance': 0.925166130065918, 'Real Estate Investment': 0.9237673878669739, 'Real Estate Legal': 0.898941159248352, 'Residential Real Estate': 0.8726525902748108, 'Real Estate Technology': 0.8024203777313232, 'Real Estate Market Trends': 0.6726433038711548, 'Commercial Real Estate': 0.564576268196106}
2025-03-14 15:02:44,117 INFO: Classifying article: https://www.bostonglobe.com/2025/02/28/business/middleborough-lawsuit-state-housing-law/
2025-03-14 15:02:46,433 INFO: Assigned classifications: {'Real Estate Market Trends': 0.9528656005859375, 'Real Estate Investment': 0.9327605962753296, 'Real Estate Legal': 0.9303863048553467, 'Real Estate Finance': 0.9073853492736816, 'Residential Real Estate': 0.8983381986618042, 'Commercial Real Estate': 0.8246079087257385, 'Real Estate Technology': 0.7992646098136902}
2025-03-14 15:02:46,434 INFO: Classifying article: https://www.bostonglobe.com/2025/03/11/business/boston-office-tower-auction/
2025-03-14 15:02:48,782 INFO: Assigned classifications: {'Real Estate Market Trends': 0.7424681782722473, 'Real Estate Investment': 0.7143848538398743, 'Residential Real Estate': 0.6771637201309204, 'Real Estate Finance': 0.6669892072677612, 'Commercial Real Estate': 0.6440562605857849, 'Real Estate Legal': 0.6047871708869934, 'Real Estate Technology': 0.5216553807258606}
2025-03-14 15:02:48,783 INFO: Classifying article: https://www.bostonglobe.com/2025/03/14/business/boston-office-tower-sale-federal-street/
2025-03-14 15:02:51,027 INFO: Assigned classifications: {'Real Estate Market Trends': 0.9466114640235901, 'Real Estate Investment': 0.9290624856948853, 'Commercial Real Estate': 0.8684377670288086, 'Residential Real Estate': 0.8201419115066528, 'Real Estate Finance': 0.6181514859199524, 'Real Estate Technology': 0.4874180853366852, 'Real Estate Legal': 0.43727031350135803}
2025-03-14 15:02:51,028 INFO: Classifying article: https://www.bostonglobe.com/2025/03/13/business/south-boston-public-housing-mccormack-redevelopment/
2025-03-14 15:02:52,878 INFO: Assigned classifications: {'Residential Real Estate': 0.4817359745502472, 'Real Estate Investment': 0.30907073616981506, 'Commercial Real Estate': 0.1871749609708786, 'Real Estate Market Trends': 0.1859298050403595, 'Real Estate Technology': 0.18022096157073975, 'Real Estate Finance': 0.16105984151363373, 'Real Estate Legal': 0.1322067677974701}
2025-03-14 15:02:52,878 INFO: Classifying article: https://www.bostonglobe.com/2025/03/04/business/morrissey-boulevard-high-rise-towers/
2025-03-14 15:02:54,617 INFO: Assigned classifications: {'Residential Real Estate': 0.6754511594772339, 'Commercial Real Estate': 0.4387836456298828, 'Real Estate Legal': 0.2985571622848511, 'Real Estate Market Trends': 0.2676246166229248, 'Real Estate Investment': 0.2383985072374344, 'Real Estate Technology': 0.16341179609298706, 'Real Estate Finance': 0.12828698754310608}
2025-03-14 15:02:54,618 INFO: Classifying article: https://www.bostonglobe.com/2025/03/09/business/women-in-construction-week-boston/
2025-03-14 15:02:56,639 INFO: Assigned classifications: {'Residential Real Estate': 0.8096430897712708, 'Real Estate Market Trends': 0.7141789793968201, 'Commercial Real Estate': 0.688387930393219, 'Real Estate Technology': 0.6715966463088989, 'Real Estate Investment': 0.5583686828613281, 'Real Estate Legal': 0.46124616265296936, 'Real Estate Finance': 0.4300152063369751}
2025-03-14 15:02:56,640 INFO: Classifying article: https://www.bostonglobe.com/2025/03/03/business/josh-kraft-michelle-wu-rent-control/
2025-03-14 15:02:58,993 INFO: Assigned classifications: {'Residential Real Estate': 0.8652111291885376, 'Real Estate Market Trends': 0.7922114133834839, 'Real Estate Investment': 0.7796926498413086, 'Real Estate Legal': 0.7412787675857544, 'Commercial Real Estate': 0.7129697203636169, 'Real Estate Finance': 0.7115518450737, 'Real Estate Technology': 0.5156193971633911}
2025-03-14 15:02:58,994 INFO: Classifying article: https://www.bostonglobe.com/2025/03/05/business/tariffs-housing-costs-lumber-construction/
2025-03-14 15:03:01,350 INFO: Assigned classifications: {'Residential Real Estate': 0.8341859579086304, 'Real Estate Investment': 0.832496702671051, 'Real Estate Finance': 0.826924741268158, 'Real Estate Market Trends': 0.7984685897827148, 'Real Estate Legal': 0.779863715171814, 'Real Estate Technology': 0.5968027710914612, 'Commercial Real Estate': 0.34179019927978516}
2025-03-14 15:03:01,350 INFO: Classified 16 new articles.
2025-03-14 15:03:01,352 INFO: Saved updated articles to articles.json.
2025-03-14 15:03:01,352 INFO: Classification process completed.
2025-03-14 15:17:15,101 INFO: Starting classification process.
2025-03-14 15:17:15,102 INFO: Loaded 16 articles from articles.json.
2025-03-14 15:17:15,102 INFO: Loading Hugging Face zero-shot classification pipeline.
2025-03-14 15:17:17,824 INFO: Classifying article: https://www.bostonglobe.com/2025/03/14/business/beacon-hill-parking-spot-750000-boston/
2025-03-14 15:17:21,009 INFO: Assigned classifications: {'Residential Real Estate': 0.8953617811203003, 'Real Estate Market Trends': 0.678309977054596, 'Real Estate Investment': 0.6671785712242126, 'Real Estate Legal': 0.5571603178977966, 'Real Estate Finance': 0.3923489451408386, 'Real Estate Technology': 0.3912678360939026, 'Commercial Real Estate': 0.2533690631389618}
2025-03-14 15:17:21,010 INFO: Classifying article: https://www.bostonglobe.com/2025/03/14/business/boston-office-tower-sale-federal-street/
2025-03-14 15:17:23,208 INFO: Assigned classifications: {'Real Estate Market Trends': 0.9466114640235901, 'Real Estate Investment': 0.9290624856948853, 'Commercial Real Estate': 0.8684377670288086, 'Residential Real Estate': 0.8201419115066528, 'Real Estate Finance': 0.6181514859199524, 'Real Estate Technology': 0.4874180853366852, 'Real Estate Legal': 0.43727031350135803}
2025-03-14 15:17:23,209 INFO: Classifying article: https://www.bostonglobe.com/2025/03/10/business/mattapan-apartment-complex-affordable/
2025-03-14 15:17:25,755 INFO: Assigned classifications: {'Real Estate Investment': 0.9610015153884888, 'Residential Real Estate': 0.9544281959533691, 'Real Estate Legal': 0.9502890110015869, 'Real Estate Finance': 0.9468461871147156, 'Real Estate Market Trends': 0.8941465020179749, 'Real Estate Technology': 0.8819913268089294, 'Commercial Real Estate': 0.8423447012901306}
2025-03-14 15:17:25,755 INFO: Classifying article: https://www.bostonglobe.com/2025/02/28/business/middleborough-lawsuit-state-housing-law/
2025-03-14 15:17:28,085 INFO: Assigned classifications: {'Real Estate Market Trends': 0.9528656005859375, 'Real Estate Investment': 0.9327605962753296, 'Real Estate Legal': 0.9303863048553467, 'Real Estate Finance': 0.9073853492736816, 'Residential Real Estate': 0.8983381986618042, 'Commercial Real Estate': 0.8246079087257385, 'Real Estate Technology': 0.7992646098136902}
2025-03-14 15:17:28,086 INFO: Classifying article: https://www.bostonglobe.com/2025/03/13/business/south-boston-public-housing-mccormack-redevelopment/
2025-03-14 15:17:29,899 INFO: Assigned classifications: {'Residential Real Estate': 0.4817359745502472, 'Real Estate Investment': 0.30907073616981506, 'Commercial Real Estate': 0.1871749609708786, 'Real Estate Market Trends': 0.1859298050403595, 'Real Estate Technology': 0.18022096157073975, 'Real Estate Finance': 0.16105984151363373, 'Real Estate Legal': 0.1322067677974701}
2025-03-14 15:17:29,899 INFO: Classifying article: https://www.bostonglobe.com/2025/03/11/business/boston-office-tower-auction/
2025-03-14 15:17:32,295 INFO: Assigned classifications: {'Real Estate Market Trends': 0.7424681782722473, 'Real Estate Investment': 0.7143848538398743, 'Residential Real Estate': 0.6771637201309204, 'Real Estate Finance': 0.6669892072677612, 'Commercial Real Estate': 0.6440562605857849, 'Real Estate Legal': 0.6047871708869934, 'Real Estate Technology': 0.5216553807258606}
2025-03-14 15:17:32,295 INFO: Classifying article: https://www.bostonglobe.com/2025/03/10/lifestyle/boston-luxury-towers-amenities-dog-spas-golf-simulator-indoor-pool/
2025-03-14 15:17:34,639 INFO: Assigned classifications: {'Real Estate Investment': 0.7505901455879211, 'Residential Real Estate': 0.61376953125, 'Real Estate Finance': 0.5970485210418701, 'Real Estate Legal': 0.5913238525390625, 'Real Estate Market Trends': 0.4101226329803467, 'Real Estate Technology': 0.3987177014350891, 'Commercial Real Estate': 0.23132751882076263}
2025-03-14 15:17:34,639 INFO: Classifying article: https://www.bostonglobe.com/2025/03/04/business/morrissey-boulevard-high-rise-towers/
2025-03-14 15:17:36,370 INFO: Assigned classifications: {'Residential Real Estate': 0.6754511594772339, 'Commercial Real Estate': 0.4387836456298828, 'Real Estate Legal': 0.2985571622848511, 'Real Estate Market Trends': 0.2676246166229248, 'Real Estate Investment': 0.2383985072374344, 'Real Estate Technology': 0.16341179609298706, 'Real Estate Finance': 0.12828698754310608}
2025-03-14 15:17:36,371 INFO: Classifying article: https://www.bostonglobe.com/2025/03/09/business/women-in-construction-week-boston/
2025-03-14 15:17:38,352 INFO: Assigned classifications: {'Residential Real Estate': 0.8096430897712708, 'Real Estate Market Trends': 0.7141789793968201, 'Commercial Real Estate': 0.688387930393219, 'Real Estate Technology': 0.6715966463088989, 'Real Estate Investment': 0.5583686828613281, 'Real Estate Legal': 0.46124616265296936, 'Real Estate Finance': 0.4300152063369751}
2025-03-14 15:17:38,352 INFO: Classifying article: https://www.bostonglobe.com/2025/03/12/business/formerly-homeless-find-new-home-jamaica-plain/
2025-03-14 15:17:40,704 INFO: Assigned classifications: {'Real Estate Finance': 0.925166130065918, 'Real Estate Investment': 0.9237673878669739, 'Real Estate Legal': 0.898941159248352, 'Residential Real Estate': 0.8726525902748108, 'Real Estate Technology': 0.8024203777313232, 'Real Estate Market Trends': 0.6726433038711548, 'Commercial Real Estate': 0.564576268196106}
2025-03-14 15:17:40,705 INFO: Classifying article: https://www.bostonglobe.com/2025/03/03/business/josh-kraft-michelle-wu-rent-control/
2025-03-14 15:17:43,056 INFO: Assigned classifications: {'Residential Real Estate': 0.8652111291885376, 'Real Estate Market Trends': 0.7922114133834839, 'Real Estate Investment': 0.7796926498413086, 'Real Estate Legal': 0.7412787675857544, 'Commercial Real Estate': 0.7129697203636169, 'Real Estate Finance': 0.7115518450737, 'Real Estate Technology': 0.5156193971633911}
2025-03-14 15:17:43,056 INFO: Classifying article: https://www.bostonglobe.com/2025/03/06/business/federal-buildings-trump-administration-non-core-sale-list/
2025-03-14 15:17:44,351 INFO: Assigned classifications: {'Residential Real Estate': 0.7146681547164917, 'Real Estate Legal': 0.7014733552932739, 'Real Estate Investment': 0.673194169998169, 'Commercial Real Estate': 0.6654168963432312, 'Real Estate Technology': 0.6633228659629822, 'Real Estate Market Trends': 0.6046485900878906, 'Real Estate Finance': 0.590332567691803}
2025-03-14 15:17:44,351 INFO: Classifying article: https://www.bostonglobe.com/2025/03/05/business/tariffs-housing-costs-lumber-construction/
2025-03-14 15:17:46,709 INFO: Assigned classifications: {'Residential Real Estate': 0.8341859579086304, 'Real Estate Investment': 0.832496702671051, 'Real Estate Finance': 0.826924741268158, 'Real Estate Market Trends': 0.7984685897827148, 'Real Estate Legal': 0.779863715171814, 'Real Estate Technology': 0.5968027710914612, 'Commercial Real Estate': 0.34179019927978516}
2025-03-14 15:17:46,710 INFO: Classifying article: https://www.bostonglobe.com/2025/03/06/business/everett-boston-pumphouse-mystic-river-ferry-terminal/
2025-03-14 15:17:49,493 INFO: Assigned classifications: {'Real Estate Investment': 0.934687077999115, 'Real Estate Finance': 0.9339209198951721, 'Real Estate Technology': 0.9303216934204102, 'Real Estate Legal': 0.9214636087417603, 'Residential Real Estate': 0.8808124661445618, 'Real Estate Market Trends': 0.8738240003585815, 'Commercial Real Estate': 0.814800500869751}
2025-03-14 15:17:49,493 INFO: Classifying article: https://www.bostonglobe.com/2025/03/04/business/massachusetts-development-woburn-regional-transportation/
2025-03-14 15:17:51,035 INFO: Assigned classifications: {'Residential Real Estate': 0.6927686333656311, 'Real Estate Legal': 0.5033596754074097, 'Real Estate Investment': 0.4794808328151703, 'Commercial Real Estate': 0.33031848073005676, 'Real Estate Market Trends': 0.3027951717376709, 'Real Estate Technology': 0.1974191665649414, 'Real Estate Finance': 0.17409490048885345}
2025-03-14 15:17:51,036 INFO: Classifying article: https://www.bostonglobe.com/2025/02/28/business/michelle-wu-white-stadium-revolution/
2025-03-14 15:17:53,392 INFO: Assigned classifications: {'Real Estate Market Trends': 0.9022800922393799, 'Real Estate Investment': 0.8695345520973206, 'Real Estate Legal': 0.8663292527198792, 'Real Estate Finance': 0.8649378418922424, 'Residential Real Estate': 0.8573756814002991, 'Commercial Real Estate': 0.768989086151123, 'Real Estate Technology': 0.7155845761299133}
2025-03-14 15:17:53,393 INFO: Classified 16 new articles.
2025-03-14 15:17:53,395 INFO: Saved updated articles to articles.json.
2025-03-14 15:17:53,395 INFO: Classification process completed.
2025-03-17 15:50:10,431 INFO: Starting classification process.
2025-03-17 15:50:10,433 INFO: Loaded 42 articles from articles.json.
2025-03-17 15:50:10,433 INFO: Loading Hugging Face zero-shot classification pipeline.
2025-03-17 15:50:14,188 INFO: Article already classified: https://www.bostonglobe.com/2025/03/06/business/everett-boston-pumphouse-mystic-river-ferry-terminal/
2025-03-17 15:50:14,190 INFO: Article already classified: https://www.bostonglobe.com/2025/03/10/lifestyle/boston-luxury-towers-amenities-dog-spas-golf-simulator-indoor-pool/
2025-03-17 15:50:14,190 INFO: Article already classified: https://www.bostonglobe.com/2025/03/06/business/federal-buildings-trump-administration-non-core-sale-list/
2025-03-17 15:50:14,190 INFO: Article already classified: https://www.bostonglobe.com/2025/02/28/business/michelle-wu-white-stadium-revolution/
2025-03-17 15:50:14,190 INFO: Article already classified: https://www.bostonglobe.com/2025/02/28/business/middleborough-lawsuit-state-housing-law/
2025-03-17 15:50:14,190 INFO: Article already classified: https://www.bostonglobe.com/2025/03/04/business/morrissey-boulevard-high-rise-towers/
2025-03-17 15:50:14,190 INFO: Article already classified: https://www.bostonglobe.com/2025/03/04/business/massachusetts-development-woburn-regional-transportation/
2025-03-17 15:50:14,190 INFO: Article already classified: https://www.bostonglobe.com/2025/03/12/business/formerly-homeless-find-new-home-jamaica-plain/
2025-03-17 15:50:14,190 INFO: Article already classified: https://www.bostonglobe.com/2025/03/11/business/boston-office-tower-auction/
2025-03-17 15:50:14,190 INFO: Article already classified: https://www.bostonglobe.com/2025/03/03/business/josh-kraft-michelle-wu-rent-control/
2025-03-17 15:50:14,190 INFO: Article already classified: https://www.bostonglobe.com/2025/03/09/business/women-in-construction-week-boston/
2025-03-17 15:50:14,190 INFO: Article already classified: https://www.bostonglobe.com/2025/03/14/business/beacon-hill-parking-spot-750000-boston/
2025-03-17 15:50:14,190 INFO: Article already classified: https://www.bostonglobe.com/2025/03/05/business/tariffs-housing-costs-lumber-construction/
2025-03-17 15:50:14,190 INFO: Article already classified: https://www.bostonglobe.com/2025/03/14/business/boston-office-tower-sale-federal-street/
2025-03-17 15:50:14,190 INFO: Article already classified: https://www.bostonglobe.com/2025/03/13/business/south-boston-public-housing-mccormack-redevelopment/
2025-03-17 15:50:14,190 INFO: Article already classified: https://www.bostonglobe.com/2025/03/10/business/mattapan-apartment-complex-affordable/
2025-03-17 15:50:14,190 INFO: Article already classified: https://www.bostonglobe.com/2025/03/17/business/rental-broker-fees-boston/
2025-03-17 15:50:14,190 INFO: Classifying article: https://www.boston.com/real-estate/luxury-homes/2025/02/12/brookline-estate-housed-refugees-luxury-home-week/
2025-03-17 15:50:18,588 INFO: Assigned classifications: {'Residential Real Estate': 0.9179298281669617, 'Real Estate Legal': 0.41745615005493164, 'Real Estate Investment': 0.3085233271121979, 'Real Estate Finance': 0.2890205383300781, 'Real Estate Market Trends': 0.22647209465503693, 'Real Estate Technology': 0.19391568005084991, 'Commercial Real Estate': 0.04279110208153725}
2025-03-17 15:50:18,588 INFO: Classifying article: https://www.boston.com/real-estate/spring-house-hunt/2022/04/06/buying-a-condo-ask-about-association-finances/
2025-03-17 15:50:21,035 INFO: Assigned classifications: {'Real Estate Investment': 0.9670795798301697, 'Real Estate Market Trends': 0.9666909575462341, 'Real Estate Legal': 0.9639539122581482, 'Residential Real Estate': 0.9594226479530334, 'Real Estate Finance': 0.9518152475357056, 'Real Estate Technology': 0.9046580195426941, 'Commercial Real Estate': 0.8898941874504089}
2025-03-17 15:50:21,036 INFO: Classifying article: https://www.boston.com/real-estate/gardening/2025/03/06/hey-gardeners-embrace-the-chaos/
2025-03-17 15:50:23,344 INFO: Assigned classifications: {'Residential Real Estate': 0.8097661137580872, 'Real Estate Investment': 0.7961292266845703, 'Real Estate Legal': 0.7892157435417175, 'Real Estate Finance': 0.7393196821212769, 'Real Estate Market Trends': 0.711497962474823, 'Real Estate Technology': 0.6407808661460876, 'Commercial Real Estate': 0.44735562801361084}
2025-03-17 15:50:23,344 INFO: Classifying article: https://www.boston.com/real-estate/home-buying/2025/01/21/how-to-come-up-with-down-payment-home/
2025-03-17 15:50:25,666 INFO: Assigned classifications: {'Residential Real Estate': 0.7422479391098022, 'Real Estate Market Trends': 0.7104085087776184, 'Commercial Real Estate': 0.6960544586181641, 'Real Estate Investment': 0.6773957014083862, 'Real Estate Finance': 0.6512795686721802, 'Real Estate Legal': 0.587243378162384, 'Real Estate Technology': 0.48952460289001465}
2025-03-17 15:50:25,667 INFO: Classifying article: https://www.boston.com/real-estate/luxury-homes/2025/02/06/judy-garlands-hyannis-port-rental-listed/
2025-03-17 15:50:28,345 INFO: Assigned classifications: {'Real Estate Investment': 0.9458825588226318, 'Real Estate Legal': 0.9442908763885498, 'Real Estate Finance': 0.9391539096832275, 'Residential Real Estate': 0.9299581050872803, 'Real Estate Market Trends': 0.9251798987388611, 'Real Estate Technology': 0.9154369831085205, 'Commercial Real Estate': 0.8491573929786682}
2025-03-17 15:50:28,346 INFO: Classifying article: https://www.boston.com/real-estate/real-estate/2025/03/11/mattapan-350-unit-building-will-be-converted-from-market-rate-to-affordable-housing/
2025-03-17 15:50:30,389 INFO: Assigned classifications: {'Residential Real Estate': 0.9508238434791565, 'Real Estate Investment': 0.9402785301208496, 'Commercial Real Estate': 0.9227123856544495, 'Real Estate Technology': 0.883155882358551, 'Real Estate Market Trends': 0.8461896777153015, 'Real Estate Legal': 0.7936350107192993, 'Real Estate Finance': 0.7769795656204224}
2025-03-17 15:50:30,390 INFO: Classifying article: https://www.boston.com/real-estate/local-news/2025/03/13/banking-on-a-silver-tsunami-of-baby-boomer-homes-to-hit-the-market-youll-be-waiting-a-while/
2025-03-17 15:50:32,678 INFO: Assigned classifications: {'Real Estate Finance': 0.5778222680091858, 'Commercial Real Estate': 0.5593564510345459, 'Real Estate Market Trends': 0.558154821395874, 'Real Estate Legal': 0.554619550704956, 'Residential Real Estate': 0.5508097410202026, 'Real Estate Investment': 0.5244724154472351, 'Real Estate Technology': 0.3273031711578369}
2025-03-17 15:50:32,679 INFO: Classifying article: https://www.boston.com/real-estate/luxury-homes/2025/02/04/scoring-chance-to-snap-up-former-bruins-condo/
2025-03-17 15:50:35,159 INFO: Assigned classifications: {'Residential Real Estate': 0.738983690738678, 'Real Estate Investment': 0.631742537021637, 'Real Estate Legal': 0.6180981397628784, 'Real Estate Finance': 0.5515739917755127, 'Real Estate Technology': 0.5006153583526611, 'Real Estate Market Trends': 0.4550609290599823, 'Commercial Real Estate': 0.2859676778316498}
2025-03-17 15:50:35,159 INFO: Classifying article: https://www.boston.com/real-estate/real-estate-news/2025/03/12/recent-homes-sales-in-greater-boston-mar-12/
2025-03-17 15:50:37,903 INFO: Assigned classifications: {'Residential Real Estate': 0.44653213024139404, 'Real Estate Investment': 0.41984066367149353, 'Real Estate Finance': 0.36508795619010925, 'Real Estate Legal': 0.3578914701938629, 'Real Estate Technology': 0.27456554770469666, 'Real Estate Market Trends': 0.2249118834733963, 'Commercial Real Estate': 0.09557245671749115}
2025-03-17 15:50:37,903 INFO: Classifying article: https://www.boston.com/real-estate/real-estate-news/2025/02/26/luxury-home-at-risk-of-tumbling-into-cape-cod-bay-over-removal-dispute-is-demolished/
2025-03-17 15:50:39,804 INFO: Assigned classifications: {'Residential Real Estate': 0.9399115443229675, 'Real Estate Investment': 0.9392461180686951, 'Real Estate Technology': 0.9378843307495117, 'Real Estate Legal': 0.9360596537590027, 'Real Estate Market Trends': 0.9285255074501038, 'Commercial Real Estate': 0.8922663927078247, 'Real Estate Finance': 0.8676392436027527}
2025-03-17 15:50:39,804 INFO: Classifying article: https://www.boston.com/real-estate/home-buying/2025/02/18/in-a-ranking-of-the-best-state-capitals-to-live-in-boston-gets-a-meh/
2025-03-17 15:50:41,872 INFO: Assigned classifications: {'Residential Real Estate': 0.978419840335846, 'Real Estate Investment': 0.9696182012557983, 'Real Estate Technology': 0.9515530467033386, 'Commercial Real Estate': 0.9297019243240356, 'Real Estate Market Trends': 0.8967652916908264, 'Real Estate Legal': 0.8150960803031921, 'Real Estate Finance': 0.6038177609443665}
2025-03-17 15:50:41,873 INFO: Classifying article: https://www.boston.com/real-estate/real-estate-news/2025/03/05/recent-homes-sales-in-greater-boston-mar-5/
2025-03-17 15:50:44,783 INFO: Assigned classifications: {'Residential Real Estate': 0.3236161470413208, 'Real Estate Investment': 0.19235357642173767, 'Real Estate Finance': 0.16866691410541534, 'Real Estate Legal': 0.16292935609817505, 'Real Estate Technology': 0.10628025233745575, 'Commercial Real Estate': 0.069822758436203, 'Real Estate Market Trends': 0.06446104496717453}
2025-03-17 15:50:44,785 INFO: Classifying article: https://www.boston.com/real-estate/home-buying/2025/03/06/home-of-the-week-become-a-maine-iac-and-watch-the-waves/
2025-03-17 15:50:47,456 INFO: Assigned classifications: {'Real Estate Investment': 0.9578131437301636, 'Real Estate Legal': 0.9507346749305725, 'Residential Real Estate': 0.9477850198745728, 'Real Estate Finance': 0.9431974291801453, 'Real Estate Market Trends': 0.9298723936080933, 'Real Estate Technology': 0.9039016962051392, 'Commercial Real Estate': 0.8378841876983643}
2025-03-17 15:50:47,457 INFO: Classifying article: https://www.boston.com/real-estate/fall-house-hunt/2024/09/12/property-taxes-primer-for-homebuyers/
2025-03-17 15:50:49,778 INFO: Assigned classifications: {'Residential Real Estate': 0.7250704765319824, 'Real Estate Market Trends': 0.6475037336349487, 'Real Estate Investment': 0.6401255130767822, 'Real Estate Legal': 0.6304954886436462, 'Real Estate Finance': 0.6046509146690369, 'Commercial Real Estate': 0.46849963068962097, 'Real Estate Technology': 0.4624692499637604}
2025-03-17 15:50:49,778 INFO: Classifying article: https://www.boston.com/real-estate/real-estate-news/2025/03/07/former-patriots-star-matthew-judon-home-listed-for-2-898-million/
2025-03-17 15:50:51,861 INFO: Assigned classifications: {'Commercial Real Estate': 0.9607884287834167, 'Residential Real Estate': 0.947282075881958, 'Real Estate Investment': 0.941670835018158, 'Real Estate Technology': 0.9098994135856628, 'Real Estate Market Trends': 0.8898193836212158, 'Real Estate Finance': 0.8615220785140991, 'Real Estate Legal': 0.6323626041412354}
2025-03-17 15:50:51,861 INFO: Classifying article: https://www.boston.com/real-estate/gardening/2025/03/13/ask-the-gardener-planting-thoughts-of-spring/
2025-03-17 15:50:54,175 INFO: Assigned classifications: {'Real Estate Investment': 0.8649362325668335, 'Real Estate Legal': 0.7548118233680725, 'Real Estate Finance': 0.7340104579925537, 'Real Estate Technology': 0.7326199412345886, 'Residential Real Estate': 0.6843911409378052, 'Real Estate Market Trends': 0.6574845910072327, 'Commercial Real Estate': 0.19602930545806885}
2025-03-17 15:50:54,175 INFO: Classifying article: https://www.boston.com/real-estate/real-estate-news/2025/02/28/iconic-newburyport-pink-house-to-be-demolished/
2025-03-17 15:50:55,872 INFO: Assigned classifications: {'Residential Real Estate': 0.977807879447937, 'Real Estate Investment': 0.9714776277542114, 'Real Estate Market Trends': 0.942038893699646, 'Real Estate Technology': 0.9289436936378479, 'Real Estate Finance': 0.9232000112533569, 'Commercial Real Estate': 0.8981427550315857, 'Real Estate Legal': 0.8965698480606079}
2025-03-17 15:50:55,873 INFO: Classifying article: https://www.boston.com/real-estate/home-of-the-week/2025/03/13/home-of-the-week-when-downsizing-is-a-day-at-the-beach/
2025-03-17 15:50:58,187 INFO: Assigned classifications: {'Residential Real Estate': 0.9172893166542053, 'Real Estate Market Trends': 0.8867654204368591, 'Real Estate Legal': 0.88032466173172, 'Real Estate Finance': 0.8704943656921387, 'Real Estate Investment': 0.8658944368362427, 'Real Estate Technology': 0.8539755940437317, 'Commercial Real Estate': 0.6409002542495728}
2025-03-17 15:50:58,187 INFO: Classifying article: https://www.boston.com/real-estate/home-improvement/2025/03/06/reclaiming-every-nook-and-cranny/
2025-03-17 15:51:00,529 INFO: Assigned classifications: {'Real Estate Investment': 0.7539106607437134, 'Residential Real Estate': 0.7364811897277832, 'Real Estate Finance': 0.6848785281181335, 'Real Estate Legal': 0.6801148653030396, 'Real Estate Technology': 0.5755650401115417, 'Real Estate Market Trends': 0.5398033857345581, 'Commercial Real Estate': 0.41622382402420044}
2025-03-17 15:51:00,529 INFO: Classifying article: https://www.boston.com/real-estate/real-estate/2025/03/06/a-beverly-home-tied-to-the-salem-witch-trials-is-on-the-market-for-600000/
2025-03-17 15:51:03,060 INFO: Assigned classifications: {'Real Estate Investment': 0.8255162239074707, 'Residential Real Estate': 0.7789871692657471, 'Real Estate Legal': 0.7135471105575562, 'Real Estate Market Trends': 0.6581133604049683, 'Commercial Real Estate': 0.6525298953056335, 'Real Estate Technology': 0.6302502155303955, 'Real Estate Finance': 0.6177086234092712}
2025-03-17 15:51:03,060 INFO: Classifying article: https://www.boston.com/real-estate/real-estate-news/2025/03/13/designs-revealed-for-18-story-apartment-towers-in-dorchester/
2025-03-17 15:51:04,716 INFO: Assigned classifications: {'Real Estate Investment': 0.9720073342323303, 'Commercial Real Estate': 0.966801643371582, 'Residential Real Estate': 0.9557427763938904, 'Real Estate Technology': 0.8992050290107727, 'Real Estate Market Trends': 0.8770257234573364, 'Real Estate Finance': 0.8357810974121094, 'Real Estate Legal': 0.7923271656036377}
2025-03-17 15:51:04,716 INFO: Classifying article: https://www.boston.com/real-estate/real-estate-news/2025/03/17/home-sellers-and-buyers-accuse-realtors-of-blocking-lower-fees/
2025-03-17 15:51:07,091 INFO: Assigned classifications: {'Real Estate Investment': 0.890958309173584, 'Real Estate Technology': 0.8566432595252991, 'Real Estate Finance': 0.8466099500656128, 'Real Estate Legal': 0.8109965920448303, 'Residential Real Estate': 0.7996302247047424, 'Real Estate Market Trends': 0.7900315523147583, 'Commercial Real Estate': 0.6500200033187866}
2025-03-17 15:51:07,091 INFO: Classifying article: https://www.boston.com/real-estate/home-improvement/2025/03/06/ask-the-remodeler-heat-pump-has-become-a-noisy-neighbor/
2025-03-17 15:51:09,551 INFO: Assigned classifications: {'Residential Real Estate': 0.741280198097229, 'Real Estate Technology': 0.6414037346839905, 'Real Estate Investment': 0.6375096440315247, 'Commercial Real Estate': 0.5270306468009949, 'Real Estate Finance': 0.45448678731918335, 'Real Estate Legal': 0.42769184708595276, 'Real Estate Market Trends': 0.40680739283561707}
2025-03-17 15:51:09,551 INFO: Classifying article: https://www.boston.com/real-estate/real-estate/2025/03/14/this-is-the-story-of-the-750000-beacon-hill-parking-spot/
2025-03-17 15:51:11,660 INFO: Assigned classifications: {'Residential Real Estate': 0.9672453999519348, 'Real Estate Investment': 0.9416732788085938, 'Real Estate Market Trends': 0.9098616242408752, 'Commercial Real Estate': 0.8893449902534485, 'Real Estate Technology': 0.8229315876960754, 'Real Estate Finance': 0.8183570504188538, 'Real Estate Legal': 0.801117479801178}
2025-03-17 15:51:11,660 INFO: Classifying article: https://www.boston.com/real-estate/real-estate-news/2025/03/04/best-place-to-live-boston-magazine/
2025-03-17 15:51:12,779 INFO: Assigned classifications: {'Residential Real Estate': 0.9245526194572449, 'Real Estate Market Trends': 0.881615936756134, 'Real Estate Investment': 0.8288959860801697, 'Real Estate Legal': 0.7934361696243286, 'Real Estate Technology': 0.7919325232505798, 'Commercial Real Estate': 0.7764286994934082, 'Real Estate Finance': 0.6170253753662109}
2025-03-17 15:51:12,779 INFO: Classified 25 new articles.
2025-03-17 15:51:12,784 INFO: Saved updated articles to articles.json.
2025-03-17 15:51:12,784 INFO: Classification process completed.
2025-03-18 13:42:26,766 INFO: Starting classification process.
2025-03-18 13:42:26,768 INFO: Loaded 65 articles from articles.json.
2025-03-18 13:42:26,768 INFO: Loading Hugging Face zero-shot classification pipeline.
2025-03-18 13:42:30,330 INFO: Article already classified: https://www.bostonglobe.com/2025/03/06/business/everett-boston-pumphouse-mystic-river-ferry-terminal/
2025-03-18 13:42:30,331 INFO: Article already classified: https://www.bostonglobe.com/2025/03/10/lifestyle/boston-luxury-towers-amenities-dog-spas-golf-simulator-indoor-pool/
2025-03-18 13:42:30,331 INFO: Article already classified: https://www.bostonglobe.com/2025/03/06/business/federal-buildings-trump-administration-non-core-sale-list/
2025-03-18 13:42:30,331 INFO: Article already classified: https://www.bostonglobe.com/2025/02/28/business/michelle-wu-white-stadium-revolution/
2025-03-18 13:42:30,331 INFO: Article already classified: https://www.bostonglobe.com/2025/02/28/business/middleborough-lawsuit-state-housing-law/
2025-03-18 13:42:30,332 INFO: Article already classified: https://www.bostonglobe.com/2025/03/04/business/morrissey-boulevard-high-rise-towers/
2025-03-18 13:42:30,332 INFO: Article already classified: https://www.bostonglobe.com/2025/03/04/business/massachusetts-development-woburn-regional-transportation/
2025-03-18 13:42:30,332 INFO: Article already classified: https://www.bostonglobe.com/2025/03/12/business/formerly-homeless-find-new-home-jamaica-plain/
2025-03-18 13:42:30,332 INFO: Article already classified: https://www.bostonglobe.com/2025/03/11/business/boston-office-tower-auction/
2025-03-18 13:42:30,332 INFO: Article already classified: https://www.bostonglobe.com/2025/03/03/business/josh-kraft-michelle-wu-rent-control/
2025-03-18 13:42:30,332 INFO: Article already classified: https://www.bostonglobe.com/2025/03/09/business/women-in-construction-week-boston/
2025-03-18 13:42:30,332 INFO: Article already classified: https://www.bostonglobe.com/2025/03/14/business/beacon-hill-parking-spot-750000-boston/
2025-03-18 13:42:30,332 INFO: Article already classified: https://www.bostonglobe.com/2025/03/05/business/tariffs-housing-costs-lumber-construction/
2025-03-18 13:42:30,332 INFO: Article already classified: https://www.bostonglobe.com/2025/03/14/business/boston-office-tower-sale-federal-street/
2025-03-18 13:42:30,332 INFO: Article already classified: https://www.bostonglobe.com/2025/03/13/business/south-boston-public-housing-mccormack-redevelopment/
2025-03-18 13:42:30,332 INFO: Article already classified: https://www.bostonglobe.com/2025/03/10/business/mattapan-apartment-complex-affordable/
2025-03-18 13:42:30,332 INFO: Article already classified: https://www.bostonglobe.com/2025/03/17/business/rental-broker-fees-boston/
2025-03-18 13:42:30,332 INFO: Article already classified: https://www.boston.com/real-estate/luxury-homes/2025/02/12/brookline-estate-housed-refugees-luxury-home-week/
2025-03-18 13:42:30,332 INFO: Article already classified: https://www.boston.com/real-estate/spring-house-hunt/2022/04/06/buying-a-condo-ask-about-association-finances/
2025-03-18 13:42:30,332 INFO: Article already classified: https://www.boston.com/real-estate/gardening/2025/03/06/hey-gardeners-embrace-the-chaos/
2025-03-18 13:42:30,332 INFO: Article already classified: https://www.boston.com/real-estate/home-buying/2025/01/21/how-to-come-up-with-down-payment-home/
2025-03-18 13:42:30,332 INFO: Article already classified: https://www.boston.com/real-estate/luxury-homes/2025/02/06/judy-garlands-hyannis-port-rental-listed/
2025-03-18 13:42:30,332 INFO: Article already classified: https://www.boston.com/real-estate/real-estate/2025/03/11/mattapan-350-unit-building-will-be-converted-from-market-rate-to-affordable-housing/
2025-03-18 13:42:30,332 INFO: Article already classified: https://www.boston.com/real-estate/local-news/2025/03/13/banking-on-a-silver-tsunami-of-baby-boomer-homes-to-hit-the-market-youll-be-waiting-a-while/
2025-03-18 13:42:30,332 INFO: Article already classified: https://www.boston.com/real-estate/luxury-homes/2025/02/04/scoring-chance-to-snap-up-former-bruins-condo/
2025-03-18 13:42:30,332 INFO: Article already classified: https://www.boston.com/real-estate/real-estate-news/2025/03/12/recent-homes-sales-in-greater-boston-mar-12/
2025-03-18 13:42:30,332 INFO: Article already classified: https://www.boston.com/real-estate/real-estate-news/2025/02/26/luxury-home-at-risk-of-tumbling-into-cape-cod-bay-over-removal-dispute-is-demolished/
2025-03-18 13:42:30,332 INFO: Article already classified: https://www.boston.com/real-estate/home-buying/2025/02/18/in-a-ranking-of-the-best-state-capitals-to-live-in-boston-gets-a-meh/
2025-03-18 13:42:30,332 INFO: Article already classified: https://www.boston.com/real-estate/real-estate-news/2025/03/05/recent-homes-sales-in-greater-boston-mar-5/
2025-03-18 13:42:30,332 INFO: Article already classified: https://www.boston.com/real-estate/home-buying/2025/03/06/home-of-the-week-become-a-maine-iac-and-watch-the-waves/
2025-03-18 13:42:30,332 INFO: Article already classified: https://www.boston.com/real-estate/fall-house-hunt/2024/09/12/property-taxes-primer-for-homebuyers/
2025-03-18 13:42:30,332 INFO: Article already classified: https://www.boston.com/real-estate/real-estate-news/2025/03/07/former-patriots-star-matthew-judon-home-listed-for-2-898-million/
2025-03-18 13:42:30,332 INFO: Article already classified: https://www.boston.com/real-estate/gardening/2025/03/13/ask-the-gardener-planting-thoughts-of-spring/
2025-03-18 13:42:30,332 INFO: Article already classified: https://www.boston.com/real-estate/real-estate-news/2025/02/28/iconic-newburyport-pink-house-to-be-demolished/
2025-03-18 13:42:30,332 INFO: Article already classified: https://www.boston.com/real-estate/home-of-the-week/2025/03/13/home-of-the-week-when-downsizing-is-a-day-at-the-beach/
2025-03-18 13:42:30,332 INFO: Article already classified: https://www.boston.com/real-estate/home-improvement/2025/03/06/reclaiming-every-nook-and-cranny/
2025-03-18 13:42:30,332 INFO: Article already classified: https://www.boston.com/real-estate/real-estate/2025/03/06/a-beverly-home-tied-to-the-salem-witch-trials-is-on-the-market-for-600000/
2025-03-18 13:42:30,332 INFO: Article already classified: https://www.boston.com/real-estate/real-estate-news/2025/03/13/designs-revealed-for-18-story-apartment-towers-in-dorchester/
2025-03-18 13:42:30,332 INFO: Article already classified: https://www.boston.com/real-estate/real-estate-news/2025/03/17/home-sellers-and-buyers-accuse-realtors-of-blocking-lower-fees/
2025-03-18 13:42:30,332 INFO: Article already classified: https://www.boston.com/real-estate/home-improvement/2025/03/06/ask-the-remodeler-heat-pump-has-become-a-noisy-neighbor/
2025-03-18 13:42:30,332 INFO: Article already classified: https://www.boston.com/real-estate/real-estate/2025/03/14/this-is-the-story-of-the-750000-beacon-hill-parking-spot/
2025-03-18 13:42:30,332 INFO: Article already classified: https://www.boston.com/real-estate/real-estate-news/2025/03/04/best-place-to-live-boston-magazine/
2025-03-18 13:42:30,332 INFO: Article already classified: https://www.bostonglobe.com/2025/03/18/business/white-stadium-emerald-necklace-conservancy-boston-lawsuit/
2025-03-18 13:42:30,332 INFO: Classifying article: https://nypost.com/2025/03/14/real-estate/financier-snags-a-record-31-5m-mansion-on-island-off-miami/
2025-03-18 13:42:34,175 INFO: Assigned classifications: {'Real Estate Market Trends': 0.7436126470565796, 'Residential Real Estate': 0.7349683046340942, 'Real Estate Investment': 0.7110042572021484, 'Real Estate Finance': 0.6440869569778442, 'Real Estate Technology': 0.3929996192455292, 'Real Estate Legal': 0.2855868637561798, 'Commercial Real Estate': 0.2658684551715851}
2025-03-18 13:42:34,176 INFO: Classifying article: https://nypost.com/2025/03/14/real-estate/ai-boom-could-spark-a-texas-land-rushand-raise-demand-for-homes/
2025-03-18 13:42:36,577 INFO: Assigned classifications: {'Residential Real Estate': 0.8265865445137024, 'Real Estate Investment': 0.725337028503418, 'Real Estate Market Trends': 0.7223653793334961, 'Real Estate Legal': 0.706842303276062, 'Real Estate Finance': 0.6632797718048096, 'Commercial Real Estate': 0.6492571234703064, 'Real Estate Technology': 0.5797232985496521}
2025-03-18 13:42:36,578 INFO: Classifying article: https://nypost.com/2025/03/16/real-estate/sellers-could-add-40k-to-home-value-with-this-easy-upgrade/
2025-03-18 13:42:38,164 INFO: Assigned classifications: {'Real Estate Investment': 0.8026818037033081, 'Residential Real Estate': 0.7413487434387207, 'Real Estate Technology': 0.6654098629951477, 'Real Estate Market Trends': 0.6581774353981018, 'Commercial Real Estate': 0.5801341533660889, 'Real Estate Legal': 0.5759005546569824, 'Real Estate Finance': 0.5588827729225159}
2025-03-18 13:42:38,164 INFO: Classifying article: https://nypost.com/2025/03/13/real-estate/hay-island-in-connecticut-lists-for-35m/
2025-03-18 13:42:39,918 INFO: Assigned classifications: {'Residential Real Estate': 0.9223864674568176, 'Real Estate Market Trends': 0.8292357325553894, 'Real Estate Investment': 0.7340562343597412, 'Real Estate Technology': 0.6286534070968628, 'Real Estate Finance': 0.6084276437759399, 'Real Estate Legal': 0.5669865012168884, 'Commercial Real Estate': 0.4689464271068573}
2025-03-18 13:42:39,918 INFO: Classifying article: https://nypost.com/2025/03/13/real-estate/nj-estate-tied-to-brooke-astor-asks-2-95m/
2025-03-18 13:42:41,419 INFO: Assigned classifications: {'Residential Real Estate': 0.835010826587677, 'Real Estate Market Trends': 0.7308343648910522, 'Real Estate Investment': 0.645481288433075, 'Real Estate Finance': 0.4926409423351288, 'Real Estate Technology': 0.43635278940200806, 'Real Estate Legal': 0.32952430844306946, 'Commercial Real Estate': 0.20709022879600525}
2025-03-18 13:42:41,419 INFO: Classifying article: https://nypost.com/2025/03/18/real-estate/actor-joel-grey-sells-nyc-loft-for-7-6m-100k-over-ask/
2025-03-18 13:42:42,679 INFO: Assigned classifications: {'Residential Real Estate': 0.5906433463096619, 'Real Estate Investment': 0.5142636895179749, 'Real Estate Market Trends': 0.3745273947715759, 'Commercial Real Estate': 0.32467401027679443, 'Real Estate Legal': 0.3026498258113861, 'Real Estate Technology': 0.21825891733169556, 'Real Estate Finance': 0.20400018990039825}
2025-03-18 13:42:42,680 INFO: Classifying article: https://nypost.com/2025/03/17/real-estate/top-1-of-americans-have-enough-money-to-buy-99-of-us-homes/
2025-03-18 13:42:44,567 INFO: Assigned classifications: {'Real Estate Investment': 0.9711635112762451, 'Residential Real Estate': 0.9536480903625488, 'Real Estate Finance': 0.917569637298584, 'Real Estate Market Trends': 0.6618372797966003, 'Real Estate Legal': 0.5854101777076721, 'Real Estate Technology': 0.5625346302986145, 'Commercial Real Estate': 0.4066762328147888}
2025-03-18 13:42:44,568 INFO: Classifying article: https://nypost.com/2025/03/13/real-estate/manhattans-largest-private-home-is-now-9-05m-cheaper/
2025-03-18 13:42:46,508 INFO: Assigned classifications: {'Residential Real Estate': 0.787571132183075, 'Real Estate Investment': 0.3915705680847168, 'Real Estate Market Trends': 0.12458668649196625, 'Real Estate Finance': 0.11056503653526306, 'Real Estate Technology': 0.09411418437957764, 'Real Estate Legal': 0.0905827134847641, 'Commercial Real Estate': 0.08852420747280121}
2025-03-18 13:42:46,508 INFO: Classifying article: https://nypost.com/2025/03/18/real-estate/valery-kogans-palatial-nyc-penthouse-sells-for-34m/
2025-03-18 13:42:48,545 INFO: Assigned classifications: {'Real Estate Investment': 0.5843738317489624, 'Residential Real Estate': 0.5314472913742065, 'Commercial Real Estate': 0.3909112811088562, 'Real Estate Market Trends': 0.19276034832000732, 'Real Estate Finance': 0.13892099261283875, 'Real Estate Technology': 0.10642146319150925, 'Real Estate Legal': 0.1029835045337677}
2025-03-18 13:42:48,545 INFO: Classifying article: https://nypost.com/2025/03/13/real-estate/here-are-the-best-seven-days-to-sell-your-home/
2025-03-18 13:42:50,082 INFO: Assigned classifications: {'Residential Real Estate': 0.8998298645019531, 'Real Estate Market Trends': 0.8738945126533508, 'Real Estate Investment': 0.7951013445854187, 'Real Estate Technology': 0.7840490341186523, 'Real Estate Legal': 0.739467442035675, 'Real Estate Finance': 0.7252053618431091, 'Commercial Real Estate': 0.7088796496391296}
2025-03-18 13:42:50,082 INFO: Classifying article: https://nypost.com/2025/03/17/real-estate/a-ny-farmhouse-once-owned-by-a-hollywood-honcho-asks-1-97m/
2025-03-18 13:42:51,649 INFO: Assigned classifications: {'Real Estate Market Trends': 0.859247624874115, 'Residential Real Estate': 0.8367417454719543, 'Real Estate Investment': 0.7207695245742798, 'Real Estate Technology': 0.6257988214492798, 'Real Estate Legal': 0.5498083233833313, 'Real Estate Finance': 0.4926552474498749, 'Commercial Real Estate': 0.1273031085729599}
2025-03-18 13:42:51,649 INFO: Classifying article: https://nypost.com/2025/03/13/real-estate/a-storied-gilded-age-mansion-in-the-catskills-asks-1-85m/
2025-03-18 13:42:53,577 INFO: Assigned classifications: {'Real Estate Market Trends': 0.3789719343185425, 'Commercial Real Estate': 0.16506154835224152, 'Real Estate Technology': 0.13865967094898224, 'Real Estate Finance': 0.12574635446071625, 'Real Estate Investment': 0.11523151397705078, 'Real Estate Legal': 0.10271668434143066, 'Residential Real Estate': 0.0974188968539238}
2025-03-18 13:42:53,578 INFO: Classifying article: https://nypost.com/2025/03/17/real-estate/keira-knightleys-black-doves-home-lists-6-48m/
2025-03-18 13:42:55,744 INFO: Assigned classifications: {'Real Estate Market Trends': 0.6024594306945801, 'Real Estate Investment': 0.3711424469947815, 'Real Estate Finance': 0.33506423234939575, 'Real Estate Technology': 0.3102773129940033, 'Real Estate Legal': 0.27668076753616333, 'Residential Real Estate': 0.2678984999656677, 'Commercial Real Estate': 0.22865812480449677}
2025-03-18 13:42:55,744 INFO: Classifying article: https://nypost.com/2025/03/17/real-estate/the-raleigh-in-south-beach-is-getting-a-1b-makeover/
2025-03-18 13:42:57,455 INFO: Assigned classifications: {'Real Estate Investment': 0.9064704179763794, 'Residential Real Estate': 0.8204977512359619, 'Real Estate Market Trends': 0.5209521055221558, 'Real Estate Technology': 0.49628981947898865, 'Real Estate Finance': 0.4193574786186218, 'Commercial Real Estate': 0.3493460416793823, 'Real Estate Legal': 0.2553534507751465}
2025-03-18 13:42:57,455 INFO: Classifying article: https://nypost.com/2025/03/14/real-estate/young-adults-are-moving-to-small-towns-at-the-highest-rate-in-a-decade/
2025-03-18 13:42:59,907 INFO: Assigned classifications: {'Real Estate Investment': 0.8958799839019775, 'Real Estate Market Trends': 0.8667412400245667, 'Residential Real Estate': 0.8662484288215637, 'Real Estate Legal': 0.8639960885047913, 'Real Estate Finance': 0.8387684226036072, 'Commercial Real Estate': 0.7389765381813049, 'Real Estate Technology': 0.6995036005973816}
2025-03-18 13:42:59,907 INFO: Classifying article: https://nypost.com/2025/03/14/real-estate/are-justin-and-hailey-bieber-looking-to-move-to-europe/
2025-03-18 13:43:01,763 INFO: Assigned classifications: {'Real Estate Investment': 0.6563247442245483, 'Residential Real Estate': 0.5846279263496399, 'Real Estate Technology': 0.5172334909439087, 'Real Estate Market Trends': 0.5002665519714355, 'Real Estate Finance': 0.3467317521572113, 'Real Estate Legal': 0.2995591461658478, 'Commercial Real Estate': 0.24379926919937134}
2025-03-18 13:43:01,763 INFO: Classifying article: https://nypost.com/2025/03/14/real-estate/the-second-skinniest-home-in-london-is-on-the-market-for-more-than-a-million/
2025-03-18 13:43:03,081 INFO: Assigned classifications: {'Residential Real Estate': 0.5282414555549622, 'Real Estate Market Trends': 0.3247215449810028, 'Real Estate Investment': 0.19686594605445862, 'Real Estate Finance': 0.17960382997989655, 'Real Estate Legal': 0.17492172122001648, 'Real Estate Technology': 0.1589304506778717, 'Commercial Real Estate': 0.12885871529579163}
2025-03-18 13:43:03,082 INFO: Classifying article: https://nypost.com/2025/03/13/real-estate/influencers-live-out-of-suitcases-due-to-shoebox-apartment/
2025-03-18 13:43:05,386 INFO: Assigned classifications: {'Real Estate Market Trends': 0.6693338751792908, 'Residential Real Estate': 0.5112136602401733, 'Real Estate Investment': 0.47357484698295593, 'Real Estate Legal': 0.39255890250205994, 'Real Estate Finance': 0.384082168340683, 'Real Estate Technology': 0.35666218400001526, 'Commercial Real Estate': 0.23393166065216064}
2025-03-18 13:43:05,386 INFO: Classifying article: https://nypost.com/2025/03/17/real-estate/san-francisco-area-home-sells-for-101-above-its-list-price/
2025-03-18 13:43:07,748 INFO: Assigned classifications: {'Residential Real Estate': 0.9862250089645386, 'Real Estate Market Trends': 0.9844184517860413, 'Real Estate Investment': 0.9812850952148438, 'Real Estate Finance': 0.9641706943511963, 'Commercial Real Estate': 0.9430445432662964, 'Real Estate Legal': 0.910771369934082, 'Real Estate Technology': 0.8816142678260803}
2025-03-18 13:43:07,748 INFO: Classifying article: https://nypost.com/2025/03/18/real-estate/we-took-a-27k-shed-and-turned-it-into-a-house-worth-460k/
2025-03-18 13:43:10,028 INFO: Assigned classifications: {'Real Estate Legal': 0.9210726022720337, 'Real Estate Technology': 0.8967804312705994, 'Real Estate Finance': 0.8893321752548218, 'Real Estate Investment': 0.8857089877128601, 'Residential Real Estate': 0.8823228478431702, 'Real Estate Market Trends': 0.7636403441429138, 'Commercial Real Estate': 0.5832089781761169}
2025-03-18 13:43:10,029 INFO: Classifying article: https://nypost.com/2025/03/14/real-estate/kayak-co-founder-steve-hafner-buys-24m-miami-beach-penthouse/
2025-03-18 13:43:11,427 INFO: Assigned classifications: {'Real Estate Market Trends': 0.5184985399246216, 'Real Estate Technology': 0.3716563582420349, 'Real Estate Investment': 0.37029585242271423, 'Real Estate Legal': 0.35559260845184326, 'Residential Real Estate': 0.2946922779083252, 'Commercial Real Estate': 0.24068254232406616, 'Real Estate Finance': 0.12421659380197525}
2025-03-18 13:43:11,427 INFO: Classifying article: https://nypost.com/2025/03/14/real-estate/manhattan-rents-reached-a-record-high-in-february/
2025-03-18 13:43:13,730 INFO: Assigned classifications: {'Real Estate Investment': 0.8567514419555664, 'Real Estate Legal': 0.8364828824996948, 'Residential Real Estate': 0.8267498016357422, 'Real Estate Market Trends': 0.8101672530174255, 'Real Estate Finance': 0.770682156085968, 'Commercial Real Estate': 0.7097626328468323, 'Real Estate Technology': 0.6682835817337036}
2025-03-18 13:43:13,730 INFO: Classified 22 new articles.
2025-03-18 13:43:13,734 INFO: Saved updated articles to articles.json.
2025-03-18 13:43:13,734 INFO: Classification process completed.
